<?xml version="1.0" encoding="UTF-8"?>
<testng-results skipped="0" failed="0" ignored="0" total="1" passed="1">
  <reporter-output>
  </reporter-output>
  <suite name="Default suite" duration-ms="1220" started-at="2019-01-21T11:58:59Z" finished-at="2019-01-21T11:59:01Z">
    <groups>
    </groups>
    <test name="Default test" duration-ms="1220" started-at="2019-01-21T11:58:59Z" finished-at="2019-01-21T11:59:01Z">
      <class name="com.dje.tests.PostApiTest">
        <test-method status="PASS" signature="setUp()[pri:0, instance:com.dje.tests.PostApiTest@39aeed2f]" name="setUp" is-config="true" duration-ms="7" started-at="2019-01-21T11:58:59Z" finished-at="2019-01-21T11:58:59Z">
          <reporter-output>
          </reporter-output>
        </test-method> <!-- setUp -->
        <test-method status="PASS" signature="postApiTest()[pri:0, instance:com.dje.tests.PostApiTest@39aeed2f]" name="postApiTest" duration-ms="1200" started-at="2019-01-21T11:58:59Z" finished-at="2019-01-21T11:59:01Z">
          <reporter-output>
          </reporter-output>
        </test-method> <!-- postApiTest -->
      </class> <!-- com.dje.tests.PostApiTest -->
    </test> <!-- Default test -->
  </suite> <!-- Default suite -->
</testng-results>
