<?xml version="1.0" encoding="UTF-8"?>
<testng-results skipped="0" failed="0" ignored="0" total="1" passed="1">
  <reporter-output>
  </reporter-output>
  <suite name="Default suite" duration-ms="1798" started-at="2019-01-22T02:58:33Z" finished-at="2019-01-22T02:58:35Z">
    <groups>
    </groups>
    <test name="Default test" duration-ms="1798" started-at="2019-01-22T02:58:33Z" finished-at="2019-01-22T02:58:35Z">
      <class name="com.dje.tests.GetApiTest_log_optimize">
        <test-method status="PASS" signature="setUp()[pri:0, instance:com.dje.tests.GetApiTest_log_optimize@60c6f5b]" name="setUp" is-config="true" duration-ms="14" started-at="2019-01-22T02:58:33Z" finished-at="2019-01-22T02:58:33Z">
          <reporter-output>
          </reporter-output>
        </test-method> <!-- setUp -->
        <test-method status="PASS" signature="testGet()[pri:0, instance:com.dje.tests.GetApiTest_log_optimize@60c6f5b]" name="testGet" duration-ms="1760" started-at="2019-01-22T02:58:33Z" finished-at="2019-01-22T02:58:35Z">
          <reporter-output>
          </reporter-output>
        </test-method> <!-- testGet -->
      </class> <!-- com.dje.tests.GetApiTest_log_optimize -->
    </test> <!-- Default test -->
  </suite> <!-- Default suite -->
</testng-results>
