<?xml version="1.0" encoding="UTF-8"?>
<!-- Generated by org.testng.reporters.JUnitXMLReporter -->
<testsuite hostname="SZDJZBDT0105" ignored="0" name="Test" tests="3" failures="1" timestamp="23 一月 2019 10:53:17 GMT" time="3.376" errors="0">
  <testcase name="login" time="1.361" classname="com.dje.tests.TestCase2"/>
  <testcase name="getApi" time="0.671" classname="com.dje.tests.TestCase2"/>
  <testcase name="deleteApi" time="0.696" classname="com.dje.tests.TestCase2">
    <failure type="java.lang.AssertionError" message="expected [200] but found [204]">
      <![CDATA[java.lang.AssertionError: expected [200] but found [204]
at com.dje.tests.TestCase2.deleteApi(TestCase2.java:71)
... Removed 31 stack frames]]>
    </failure>
  </testcase> <!-- deleteApi -->
</testsuite> <!-- Test -->
