<?xml version="1.0" encoding="UTF-8"?>
<!-- Generated by org.testng.reporters.JUnitXMLReporter -->
<testsuite hostname="SZDJZBDT0105" ignored="0" name="TestCase2" tests="3" failures="0" timestamp="23 一月 2019 11:42:19 GMT" time="4.543" errors="0">
  <testcase name="login" time="2.48" classname="com.dje.tests.TestCase2"/>
  <testcase name="getApi" time="0.737" classname="com.dje.tests.TestCase2"/>
  <testcase name="deleteApi" time="0.693" classname="com.dje.tests.TestCase2"/>
</testsuite> <!-- TestCase2 -->
