<?xml version="1.0" encoding="UTF-8"?>
<testng-results skipped="0" failed="0" ignored="0" total="1" passed="1">
  <reporter-output>
  </reporter-output>
  <suite name="Default suite" duration-ms="2546" started-at="2019-01-23T07:08:22Z" finished-at="2019-01-23T07:08:25Z">
    <groups>
    </groups>
    <test name="Default test" duration-ms="2546" started-at="2019-01-23T07:08:22Z" finished-at="2019-01-23T07:08:25Z">
      <class name="com.dje.tests.TestCase1">
        <test-method status="PASS" signature="endTest()[pri:0, instance:com.dje.tests.TestCase1@47c62251]" name="endTest" is-config="true" duration-ms="11" started-at="2019-01-23T07:08:22Z" finished-at="2019-01-23T07:08:22Z">
          <reporter-output>
          </reporter-output>
        </test-method> <!-- endTest -->
        <test-method status="PASS" signature="setUp()[pri:0, instance:com.dje.tests.TestCase1@47c62251]" name="setUp" is-config="true" duration-ms="3" started-at="2019-01-23T07:08:22Z" finished-at="2019-01-23T07:08:22Z">
          <reporter-output>
          </reporter-output>
        </test-method> <!-- setUp -->
        <test-method status="PASS" signature="login(java.lang.String, java.lang.String, java.lang.String)[pri:0, instance:com.dje.tests.TestCase1@47c62251]" name="login" duration-ms="1977" started-at="2019-01-23T07:08:23Z" data-provider="postData" finished-at="2019-01-23T07:08:25Z">
          <params>
            <param index="0">
              <value>
                <![CDATA[/api/login]]>
              </value>
            </param>
            <param index="1">
              <value>
                <![CDATA[peter@klaven]]>
              </value>
            </param>
            <param index="2">
              <value>
                <![CDATA[cityslicka]]>
              </value>
            </param>
          </params>
          <reporter-output>
          </reporter-output>
        </test-method> <!-- login -->
      </class> <!-- com.dje.tests.TestCase1 -->
    </test> <!-- Default test -->
  </suite> <!-- Default suite -->
</testng-results>
