<?xml version="1.0" encoding="UTF-8"?>
<testng-results skipped="0" failed="0" ignored="0" total="3" passed="3">
  <reporter-output>
  </reporter-output>
  <suite name="Default suite" duration-ms="3460" started-at="2019-01-23T09:09:42Z" finished-at="2019-01-23T09:09:46Z">
    <groups>
    </groups>
    <test name="Default test" duration-ms="3460" started-at="2019-01-23T09:09:42Z" finished-at="2019-01-23T09:09:46Z">
      <class name="com.dje.tests.EFPStagingCN">
        <test-method status="PASS" signature="setUp()[pri:0, instance:com.dje.tests.EFPStagingCN@1bce4f0a]" name="setUp" is-config="true" duration-ms="13" started-at="2019-01-23T09:09:42Z" finished-at="2019-01-23T09:09:42Z">
          <reporter-output>
          </reporter-output>
        </test-method> <!-- setUp -->
        <test-method status="PASS" signature="login(java.lang.String, java.lang.String, java.lang.String)[pri:0, instance:com.dje.tests.EFPStagingCN@1bce4f0a]" name="login" duration-ms="1408" started-at="2019-01-23T09:09:43Z" data-provider="postData" finished-at="2019-01-23T09:09:44Z">
          <params>
            <param index="0">
              <value>
                <![CDATA[/api/login]]>
              </value>
            </param>
            <param index="1">
              <value>
                <![CDATA[peter@klaven]]>
              </value>
            </param>
            <param index="2">
              <value>
                <![CDATA[cityslicka]]>
              </value>
            </param>
          </params>
          <reporter-output>
          </reporter-output>
        </test-method> <!-- login -->
        <test-method status="PASS" signature="getMethod(java.lang.String)[pri:0, instance:com.dje.tests.EFPStagingCN@1bce4f0a]" name="getMethod" duration-ms="694" started-at="2019-01-23T09:09:44Z" data-provider="getData" depends-on-methods="com.dje.tests.EFPStagingCN.login" finished-at="2019-01-23T09:09:45Z">
          <params>
            <param index="0">
              <value>
                <![CDATA[/api/users/2]]>
              </value>
            </param>
          </params>
          <reporter-output>
          </reporter-output>
        </test-method> <!-- getMethod -->
        <test-method status="PASS" signature="deleteMethod(java.lang.String)[pri:0, instance:com.dje.tests.EFPStagingCN@1bce4f0a]" name="deleteMethod" duration-ms="698" started-at="2019-01-23T09:09:45Z" data-provider="deleteData" depends-on-methods="com.dje.tests.EFPStagingCN.getMethod" finished-at="2019-01-23T09:09:46Z">
          <params>
            <param index="0">
              <value>
                <![CDATA[/api/users/2]]>
              </value>
            </param>
          </params>
          <reporter-output>
          </reporter-output>
        </test-method> <!-- deleteMethod -->
      </class> <!-- com.dje.tests.EFPStagingCN -->
    </test> <!-- Default test -->
  </suite> <!-- Default suite -->
</testng-results>
